<?xml version="1.0" encoding="UTF-8"?>
<!-- Generated by org.testng.reporters.JUnitReportReporter -->
<testsuite skipped="0" hostname="Paul" name="testrunners.Loginlogout" tests="1" failures="0" timestamp="19 Oct 2022 06:31:14 GMT" time="23.586" errors="0">
  <testcase name="feature" time="23.586" classname="testrunners.Loginlogout"/>
</testsuite> <!-- testrunners.Loginlogout -->
